16:58:41 **** Incremental Build of configuration Debug for project Lab_9_tejada ****
make -j3 all 
Building file: ../src/main.c
Invoking: MCU GCC Compiler
/Users/joseluistejada/Documents/Purdue/Year 3/Semester 1/Computer Engineering 362/ECE362/Lab_9_tejada/Debug
arm-none-eabi-gcc -mcpu=cortex-m0 -mthumb -mfloat-abi=soft -DSTM32 -DSTM32F0 -DSTM32F051R8Tx -DSTM32F0DISCOVERY -DDEBUG -DSTM32F051 -DUSE_STDPERIPH_DRIVER -I"/Users/joseluistejada/Documents/Purdue/Year 3/Semester 1/Computer Engineering 362/ECE362/Lab_9_tejada/Utilities" -I"/Users/joseluistejada/Documents/Purdue/Year 3/Semester 1/Computer Engineering 362/ECE362/Lab_9_tejada/StdPeriph_Driver/inc" -I"/Users/joseluistejada/Documents/Purdue/Year 3/Semester 1/Computer Engineering 362/ECE362/Lab_9_tejada/inc" -I"/Users/joseluistejada/Documents/Purdue/Year 3/Semester 1/Computer Engineering 362/ECE362/Lab_9_tejada/CMSIS/device" -I"/Users/joseluistejada/Documents/Purdue/Year 3/Semester 1/Computer Engineering 362/ECE362/Lab_9_tejada/CMSIS/core" -O0 -g3 -Wall -fmessage-length=0 -ffunction-sections -c -MMD -MP -MF"src/main.d" -MT"src/main.o" -o "src/main.o" "../src/main.c"
Finished building: ../src/main.c
 
Building target: Lab_9_tejada.elf
Invoking: MCU GCC Linker
arm-none-eabi-gcc -mcpu=cortex-m0 -mthumb -mfloat-abi=soft -T"/Users/joseluistejada/Documents/Purdue/Year 3/Semester 1/Computer Engineering 362/ECE362/Lab_9_tejada/LinkerScript.ld" -Wl,-Map=output.map -Wl,--gc-sections -o "Lab_9_tejada.elf" @"objects.list" /Users/joseluistejada/Documents/Purdue/Year\ 3/Semester\ 1/Computer\ Engineering\ 362/ECE362/Lab_9_tejada/src/helper.o  -lm
Finished building target: Lab_9_tejada.elf
 
/Applications/Xcode.app/Contents/Developer/usr/bin/make --no-print-directory post-build
Generating binary and Printing size information:
arm-none-eabi-objcopy -O binary "Lab_9_tejada.elf" "Lab_9_tejada.bin"
arm-none-eabi-size "Lab_9_tejada.elf"
   text	   data	    bss	    dec	    hex	filename
  37372	   2508	    528	  40408	   9dd8	Lab_9_tejada.elf
 
16:58:44 **** Incremental Build of configuration Debug for project Lab_9_tejada ****
make -j3 all 
make: Nothing to be done for `all'.
17:01:22 **** Incremental Build of configuration Debug for project Lab_9_tejada ****
make -j3 all 
Building file: ../src/main.c
Invoking: MCU GCC Compiler
/Users/joseluistejada/Documents/Purdue/Year 3/Semester 1/Computer Engineering 362/ECE362/Lab_9_tejada/Debug
arm-none-eabi-gcc -mcpu=cortex-m0 -mthumb -mfloat-abi=soft -DSTM32 -DSTM32F0 -DSTM32F051R8Tx -DSTM32F0DISCOVERY -DDEBUG -DSTM32F051 -DUSE_STDPERIPH_DRIVER -I"/Users/joseluistejada/Documents/Purdue/Year 3/Semester 1/Computer Engineering 362/ECE362/Lab_9_tejada/Utilities" -I"/Users/joseluistejada/Documents/Purdue/Year 3/Semester 1/Computer Engineering 362/ECE362/Lab_9_tejada/StdPeriph_Driver/inc" -I"/Users/joseluistejada/Documents/Purdue/Year 3/Semester 1/Computer Engineering 362/ECE362/Lab_9_tejada/inc" -I"/Users/joseluistejada/Documents/Purdue/Year 3/Semester 1/Computer Engineering 362/ECE362/Lab_9_tejada/CMSIS/device" -I"/Users/joseluistejada/Documents/Purdue/Year 3/Semester 1/Computer Engineering 362/ECE362/Lab_9_tejada/CMSIS/core" -O0 -g3 -Wall -fmessage-length=0 -ffunction-sections -c -MMD -MP -MF"src/main.d" -MT"src/main.o" -o "src/main.o" "../src/main.c"
Finished building: ../src/main.c
 
Building target: Lab_9_tejada.elf
Invoking: MCU GCC Linker
arm-none-eabi-gcc -mcpu=cortex-m0 -mthumb -mfloat-abi=soft -T"/Users/joseluistejada/Documents/Purdue/Year 3/Semester 1/Computer Engineering 362/ECE362/Lab_9_tejada/LinkerScript.ld" -Wl,-Map=output.map -Wl,--gc-sections -o "Lab_9_tejada.elf" @"objects.list" /Users/joseluistejada/Documents/Purdue/Year\ 3/Semester\ 1/Computer\ Engineering\ 362/ECE362/Lab_9_tejada/src/helper.o  -lm
Finished building target: Lab_9_tejada.elf
 
/Applications/Xcode.app/Contents/Developer/usr/bin/make --no-print-directory post-build
Generating binary and Printing size information:
arm-none-eabi-objcopy -O binary "Lab_9_tejada.elf" "Lab_9_tejada.bin"
arm-none-eabi-size "Lab_9_tejada.elf"
   text	   data	    bss	    dec	    hex	filename
  37380	   2508	    528	  40416	   9de0	Lab_9_tejada.elf
 
17:02:38 **** Incremental Build of configuration Debug for project Lab_9_tejada ****
make -j3 all 
Building file: ../src/main.c
Invoking: MCU GCC Compiler
/Users/joseluistejada/Documents/Purdue/Year 3/Semester 1/Computer Engineering 362/ECE362/Lab_9_tejada/Debug
arm-none-eabi-gcc -mcpu=cortex-m0 -mthumb -mfloat-abi=soft -DSTM32 -DSTM32F0 -DSTM32F051R8Tx -DSTM32F0DISCOVERY -DDEBUG -DSTM32F051 -DUSE_STDPERIPH_DRIVER -I"/Users/joseluistejada/Documents/Purdue/Year 3/Semester 1/Computer Engineering 362/ECE362/Lab_9_tejada/Utilities" -I"/Users/joseluistejada/Documents/Purdue/Year 3/Semester 1/Computer Engineering 362/ECE362/Lab_9_tejada/StdPeriph_Driver/inc" -I"/Users/joseluistejada/Documents/Purdue/Year 3/Semester 1/Computer Engineering 362/ECE362/Lab_9_tejada/inc" -I"/Users/joseluistejada/Documents/Purdue/Year 3/Semester 1/Computer Engineering 362/ECE362/Lab_9_tejada/CMSIS/device" -I"/Users/joseluistejada/Documents/Purdue/Year 3/Semester 1/Computer Engineering 362/ECE362/Lab_9_tejada/CMSIS/core" -O0 -g3 -Wall -fmessage-length=0 -ffunction-sections -c -MMD -MP -MF"src/main.d" -MT"src/main.o" -o "src/main.o" "../src/main.c"
Finished building: ../src/main.c
 
Building target: Lab_9_tejada.elf
Invoking: MCU GCC Linker
arm-none-eabi-gcc -mcpu=cortex-m0 -mthumb -mfloat-abi=soft -T"/Users/joseluistejada/Documents/Purdue/Year 3/Semester 1/Computer Engineering 362/ECE362/Lab_9_tejada/LinkerScript.ld" -Wl,-Map=output.map -Wl,--gc-sections -o "Lab_9_tejada.elf" @"objects.list" /Users/joseluistejada/Documents/Purdue/Year\ 3/Semester\ 1/Computer\ Engineering\ 362/ECE362/Lab_9_tejada/src/helper.o  -lm
Finished building target: Lab_9_tejada.elf
 
/Applications/Xcode.app/Contents/Developer/usr/bin/make --no-print-directory post-build
Generating binary and Printing size information:
arm-none-eabi-objcopy -O binary "Lab_9_tejada.elf" "Lab_9_tejada.bin"
arm-none-eabi-size "Lab_9_tejada.elf"
   text	   data	    bss	    dec	    hex	filename
   8192	   2144	    524	  10860	   2a6c	Lab_9_tejada.elf
 
17:08:11 **** Incremental Build of configuration Debug for project Lab_9_tejada ****
make -j3 all 
Building file: ../src/main.c
Invoking: MCU GCC Compiler
/Users/joseluistejada/Documents/Purdue/Year 3/Semester 1/Computer Engineering 362/ECE362/Lab_9_tejada/Debug
arm-none-eabi-gcc -mcpu=cortex-m0 -mthumb -mfloat-abi=soft -DSTM32 -DSTM32F0 -DSTM32F051R8Tx -DSTM32F0DISCOVERY -DDEBUG -DSTM32F051 -DUSE_STDPERIPH_DRIVER -I"/Users/joseluistejada/Documents/Purdue/Year 3/Semester 1/Computer Engineering 362/ECE362/Lab_9_tejada/Utilities" -I"/Users/joseluistejada/Documents/Purdue/Year 3/Semester 1/Computer Engineering 362/ECE362/Lab_9_tejada/StdPeriph_Driver/inc" -I"/Users/joseluistejada/Documents/Purdue/Year 3/Semester 1/Computer Engineering 362/ECE362/Lab_9_tejada/inc" -I"/Users/joseluistejada/Documents/Purdue/Year 3/Semester 1/Computer Engineering 362/ECE362/Lab_9_tejada/CMSIS/device" -I"/Users/joseluistejada/Documents/Purdue/Year 3/Semester 1/Computer Engineering 362/ECE362/Lab_9_tejada/CMSIS/core" -O0 -g3 -Wall -fmessage-length=0 -ffunction-sections -c -MMD -MP -MF"src/main.d" -MT"src/main.o" -o "src/main.o" "../src/main.c"
Finished building: ../src/main.c
 
Building target: Lab_9_tejada.elf
Invoking: MCU GCC Linker
arm-none-eabi-gcc -mcpu=cortex-m0 -mthumb -mfloat-abi=soft -T"/Users/joseluistejada/Documents/Purdue/Year 3/Semester 1/Computer Engineering 362/ECE362/Lab_9_tejada/LinkerScript.ld" -Wl,-Map=output.map -Wl,--gc-sections -o "Lab_9_tejada.elf" @"objects.list" /Users/joseluistejada/Documents/Purdue/Year\ 3/Semester\ 1/Computer\ Engineering\ 362/ECE362/Lab_9_tejada/src/helper.o  -lm
Finished building target: Lab_9_tejada.elf
 
/Applications/Xcode.app/Contents/Developer/usr/bin/make --no-print-directory post-build
Generating binary and Printing size information:
arm-none-eabi-objcopy -O binary "Lab_9_tejada.elf" "Lab_9_tejada.bin"
arm-none-eabi-size "Lab_9_tejada.elf"
   text	   data	    bss	    dec	    hex	filename
   8068	   2144	    524	  10736	   29f0	Lab_9_tejada.elf
 
17:09:26 **** Incremental Build of configuration Debug for project Lab_9_tejada ****
make -j3 all 
Building file: ../src/main.c
Invoking: MCU GCC Compiler
/Users/joseluistejada/Documents/Purdue/Year 3/Semester 1/Computer Engineering 362/ECE362/Lab_9_tejada/Debug
arm-none-eabi-gcc -mcpu=cortex-m0 -mthumb -mfloat-abi=soft -DSTM32 -DSTM32F0 -DSTM32F051R8Tx -DSTM32F0DISCOVERY -DDEBUG -DSTM32F051 -DUSE_STDPERIPH_DRIVER -I"/Users/joseluistejada/Documents/Purdue/Year 3/Semester 1/Computer Engineering 362/ECE362/Lab_9_tejada/Utilities" -I"/Users/joseluistejada/Documents/Purdue/Year 3/Semester 1/Computer Engineering 362/ECE362/Lab_9_tejada/StdPeriph_Driver/inc" -I"/Users/joseluistejada/Documents/Purdue/Year 3/Semester 1/Computer Engineering 362/ECE362/Lab_9_tejada/inc" -I"/Users/joseluistejada/Documents/Purdue/Year 3/Semester 1/Computer Engineering 362/ECE362/Lab_9_tejada/CMSIS/device" -I"/Users/joseluistejada/Documents/Purdue/Year 3/Semester 1/Computer Engineering 362/ECE362/Lab_9_tejada/CMSIS/core" -O0 -g3 -Wall -fmessage-length=0 -ffunction-sections -c -MMD -MP -MF"src/main.d" -MT"src/main.o" -o "src/main.o" "../src/main.c"
Finished building: ../src/main.c
 
Building target: Lab_9_tejada.elf
Invoking: MCU GCC Linker
arm-none-eabi-gcc -mcpu=cortex-m0 -mthumb -mfloat-abi=soft -T"/Users/joseluistejada/Documents/Purdue/Year 3/Semester 1/Computer Engineering 362/ECE362/Lab_9_tejada/LinkerScript.ld" -Wl,-Map=output.map -Wl,--gc-sections -o "Lab_9_tejada.elf" @"objects.list" /Users/joseluistejada/Documents/Purdue/Year\ 3/Semester\ 1/Computer\ Engineering\ 362/ECE362/Lab_9_tejada/src/helper.o  -lm
Finished building target: Lab_9_tejada.elf
 
/Applications/Xcode.app/Contents/Developer/usr/bin/make --no-print-directory post-build
Generating binary and Printing size information:
arm-none-eabi-objcopy -O binary "Lab_9_tejada.elf" "Lab_9_tejada.bin"
arm-none-eabi-size "Lab_9_tejada.elf"
   text	   data	    bss	    dec	    hex	filename
   8164	   2144	    524	  10832	   2a50	Lab_9_tejada.elf
 
17:09:58 **** Incremental Build of configuration Debug for project Lab_9_tejada ****
make -j3 all 
Building file: ../src/main.c
Invoking: MCU GCC Compiler
/Users/joseluistejada/Documents/Purdue/Year 3/Semester 1/Computer Engineering 362/ECE362/Lab_9_tejada/Debug
arm-none-eabi-gcc -mcpu=cortex-m0 -mthumb -mfloat-abi=soft -DSTM32 -DSTM32F0 -DSTM32F051R8Tx -DSTM32F0DISCOVERY -DDEBUG -DSTM32F051 -DUSE_STDPERIPH_DRIVER -I"/Users/joseluistejada/Documents/Purdue/Year 3/Semester 1/Computer Engineering 362/ECE362/Lab_9_tejada/Utilities" -I"/Users/joseluistejada/Documents/Purdue/Year 3/Semester 1/Computer Engineering 362/ECE362/Lab_9_tejada/StdPeriph_Driver/inc" -I"/Users/joseluistejada/Documents/Purdue/Year 3/Semester 1/Computer Engineering 362/ECE362/Lab_9_tejada/inc" -I"/Users/joseluistejada/Documents/Purdue/Year 3/Semester 1/Computer Engineering 362/ECE362/Lab_9_tejada/CMSIS/device" -I"/Users/joseluistejada/Documents/Purdue/Year 3/Semester 1/Computer Engineering 362/ECE362/Lab_9_tejada/CMSIS/core" -O0 -g3 -Wall -fmessage-length=0 -ffunction-sections -c -MMD -MP -MF"src/main.d" -MT"src/main.o" -o "src/main.o" "../src/main.c"
Finished building: ../src/main.c
 
Building target: Lab_9_tejada.elf
Invoking: MCU GCC Linker
arm-none-eabi-gcc -mcpu=cortex-m0 -mthumb -mfloat-abi=soft -T"/Users/joseluistejada/Documents/Purdue/Year 3/Semester 1/Computer Engineering 362/ECE362/Lab_9_tejada/LinkerScript.ld" -Wl,-Map=output.map -Wl,--gc-sections -o "Lab_9_tejada.elf" @"objects.list" /Users/joseluistejada/Documents/Purdue/Year\ 3/Semester\ 1/Computer\ Engineering\ 362/ECE362/Lab_9_tejada/src/helper.o  -lm
Finished building target: Lab_9_tejada.elf
 
/Applications/Xcode.app/Contents/Developer/usr/bin/make --no-print-directory post-build
Generating binary and Printing size information:
arm-none-eabi-objcopy -O binary "Lab_9_tejada.elf" "Lab_9_tejada.bin"
arm-none-eabi-size "Lab_9_tejada.elf"
   text	   data	    bss	    dec	    hex	filename
   8164	   2144	    524	  10832	   2a50	Lab_9_tejada.elf
 
17:11:24 **** Incremental Build of configuration Debug for project Lab_9_tejada ****
make -j3 all 
make: Nothing to be done for `all'.
